<?xml version="1.0" encoding="UTF-8"?>
<coverage generated="1556383601285" clover="3.2.0">
  <project timestamp="1556383601285" name="All files">
    <metrics statements="12" coveredstatements="11" conditionals="0" coveredconditionals="0" methods="9" coveredmethods="9" elements="21" coveredelements="20" complexity="0" loc="12" ncloc="12" packages="3" files="3" classes="3"/>
    <package name="src">
      <metrics statements="1" coveredstatements="0" conditionals="0" coveredconditionals="0" methods="0" coveredmethods="0"/>
      <file name="index.js" path="D:\laboratory\playground\__testing\jest\src\index.js">
        <metrics statements="1" coveredstatements="0" conditionals="0" coveredconditionals="0" methods="0" coveredmethods="0"/>
        <line num="5" count="0" type="stmt"/>
      </file>
    </package>
    <package name="src.components.App">
      <metrics statements="7" coveredstatements="7" conditionals="0" coveredconditionals="0" methods="5" coveredmethods="5"/>
      <file name="index.js" path="D:\laboratory\playground\__testing\jest\src\components\App\index.js">
        <metrics statements="7" coveredstatements="7" conditionals="0" coveredconditionals="0" methods="5" coveredmethods="5"/>
        <line num="11" count="4" type="stmt"/>
        <line num="12" count="4" type="stmt"/>
        <line num="13" count="4" type="stmt"/>
        <line num="17" count="1" type="stmt"/>
        <line num="18" count="1" type="stmt"/>
        <line num="22" count="11" type="stmt"/>
        <line num="27" count="4" type="stmt"/>
      </file>
    </package>
    <package name="src.components.Gifts">
      <metrics statements="4" coveredstatements="4" conditionals="0" coveredconditionals="0" methods="4" coveredmethods="4"/>
      <file name="index.js" path="D:\laboratory\playground\__testing\jest\src\components\Gifts\index.js">
        <metrics statements="4" coveredstatements="4" conditionals="0" coveredconditionals="0" methods="4" coveredmethods="4"/>
        <line num="17" count="4" type="stmt"/>
        <line num="24" count="1" type="stmt"/>
        <line num="33" count="1" type="stmt"/>
        <line num="42" count="1" type="stmt"/>
      </file>
    </package>
  </project>
</coverage>
