{"D:\\laboratory\\playground\\__testing\\jest\\src\\index.js": {"path":"D:\\laboratory\\playground\\__testing\\jest\\src\\index.js","statementMap":{"0":{"start":{"line":5,"column":0},"end":{"line":5,"column":49}}},"fnMap":{},"branchMap":{},"s":{"0":0},"f":{},"b":{},"hash":"f38529da2874149a5454223f0500f064305151ba"}
,"D:\\laboratory\\playground\\__testing\\jest\\src\\components\\App\\index.js": {"path":"D:\\laboratory\\playground\\__testing\\jest\\src\\components\\App\\index.js","statementMap":{"0":{"start":{"line":11,"column":22},"end":{"line":11,"column":32}},"1":{"start":{"line":12,"column":4},"end":{"line":12,"column":41}},"2":{"start":{"line":13,"column":4},"end":{"line":13,"column":29}},"3":{"start":{"line":17,"column":18},"end":{"line":17,"column":65}},"4":{"start":{"line":17,"column":50},"end":{"line":17,"column":64}},"5":{"start":{"line":18,"column":4},"end":{"line":18,"column":29}},"6":{"start":{"line":22,"column":4},"end":{"line":34,"column":6}},"7":{"start":{"line":27,"column":12},"end":{"line":27,"column":76}}},"fnMap":{"0":{"name":"(anonymous_0)","decl":{"start":{"line":10,"column":12},"end":{"line":10,"column":13}},"loc":{"start":{"line":10,"column":18},"end":{"line":14,"column":3}},"line":10},"1":{"name":"(anonymous_1)","decl":{"start":{"line":16,"column":15},"end":{"line":16,"column":16}},"loc":{"start":{"line":16,"column":21},"end":{"line":19,"column":3}},"line":16},"2":{"name":"(anonymous_2)","decl":{"start":{"line":17,"column":42},"end":{"line":17,"column":43}},"loc":{"start":{"line":17,"column":50},"end":{"line":17,"column":64}},"line":17},"3":{"name":"(anonymous_3)","decl":{"start":{"line":21,"column":2},"end":{"line":21,"column":3}},"loc":{"start":{"line":21,"column":11},"end":{"line":35,"column":3}},"line":21},"4":{"name":"(anonymous_4)","decl":{"start":{"line":26,"column":32},"end":{"line":26,"column":33}},"loc":{"start":{"line":27,"column":12},"end":{"line":27,"column":76}},"line":27}},"branchMap":{},"s":{"0":4,"1":4,"2":4,"3":1,"4":1,"5":1,"6":11,"7":4},"f":{"0":4,"1":1,"2":1,"3":11,"4":4},"b":{},"_coverageSchema":"43e27e138ebf9cfc5966b082cf9a028302ed4184","hash":"00017943575d9966f06dae4f3e5e94fbb10a59a7"}
,"D:\\laboratory\\playground\\__testing\\jest\\src\\components\\Gifts\\index.js": {"path":"D:\\laboratory\\playground\\__testing\\jest\\src\\components\\Gifts\\index.js","statementMap":{"0":{"start":{"line":17,"column":4},"end":{"line":49,"column":6}},"1":{"start":{"line":24,"column":31},"end":{"line":24,"column":72}},"2":{"start":{"line":33,"column":31},"end":{"line":33,"column":73}},"3":{"start":{"line":42,"column":14},"end":{"line":42,"column":56}}},"fnMap":{"0":{"name":"(anonymous_0)","decl":{"start":{"line":16,"column":2},"end":{"line":16,"column":3}},"loc":{"start":{"line":16,"column":11},"end":{"line":50,"column":3}},"line":16},"1":{"name":"(anonymous_1)","decl":{"start":{"line":24,"column":26},"end":{"line":24,"column":27}},"loc":{"start":{"line":24,"column":31},"end":{"line":24,"column":72}},"line":24},"2":{"name":"(anonymous_2)","decl":{"start":{"line":33,"column":26},"end":{"line":33,"column":27}},"loc":{"start":{"line":33,"column":31},"end":{"line":33,"column":73}},"line":33},"3":{"name":"(anonymous_3)","decl":{"start":{"line":41,"column":21},"end":{"line":41,"column":22}},"loc":{"start":{"line":41,"column":27},"end":{"line":43,"column":13}},"line":41}},"branchMap":{},"s":{"0":4,"1":1,"2":1,"3":1},"f":{"0":4,"1":1,"2":1,"3":1},"b":{},"_coverageSchema":"43e27e138ebf9cfc5966b082cf9a028302ed4184","hash":"e29dd8b56e3a9fb85c1133bc02ba0fafc837be66"}
}
