TN:
SF:D:\laboratory\playground\__testing\jest\src\index.js
FNF:0
FNH:0
DA:5,0
LF:1
LH:0
BRF:0
BRH:0
end_of_record
TN:
SF:D:\laboratory\playground\__testing\jest\src\components\App\index.js
FN:10,(anonymous_0)
FN:16,(anonymous_1)
FN:17,(anonymous_2)
FN:21,(anonymous_3)
FN:26,(anonymous_4)
FNF:5
FNH:5
FNDA:4,(anonymous_0)
FNDA:1,(anonymous_1)
FNDA:1,(anonymous_2)
FNDA:11,(anonymous_3)
FNDA:4,(anonymous_4)
DA:11,4
DA:12,4
DA:13,4
DA:17,1
DA:18,1
DA:22,11
DA:27,4
LF:7
LH:7
BRF:0
BRH:0
end_of_record
TN:
SF:D:\laboratory\playground\__testing\jest\src\components\Gifts\index.js
FN:16,(anonymous_0)
FN:24,(anonymous_1)
FN:33,(anonymous_2)
FN:41,(anonymous_3)
FNF:4
FNH:4
FNDA:4,(anonymous_0)
FNDA:1,(anonymous_1)
FNDA:1,(anonymous_2)
FNDA:1,(anonymous_3)
DA:17,4
DA:24,1
DA:33,1
DA:42,1
LF:4
LH:4
BRF:0
BRH:0
end_of_record
